********************************************************************************
Email stored not sent on 2024-12-24 10:07:42.110472: Price Spike CORN

Spike found in prices for CORN/20250700: need to manually check by running interactive_manual_check_historical_prices
********************************************************************************

********************************************************************************
Email stored not sent on 2024-12-24 10:07:44.959485: Price Spike CORN

Spike found in prices for CORN/20250900: need to manually check by running interactive_manual_check_historical_prices
********************************************************************************

********************************************************************************
Email stored not sent on 2024-12-24 10:07:48.183935: Price Spike CORN

Spike found in prices for CORN/20251200: need to manually check by running interactive_manual_check_historical_prices
********************************************************************************

********************************************************************************
Email stored not sent on 2024-12-24 10:15:47.587339: Price Spike CORN

Spike found in prices for CORN/20250700: need to manually check by running interactive_manual_check_historical_prices
********************************************************************************

********************************************************************************
Email stored not sent on 2024-12-24 10:15:50.462529: Price Spike CORN

Spike found in prices for CORN/20250900: need to manually check by running interactive_manual_check_historical_prices
********************************************************************************

********************************************************************************
Email stored not sent on 2024-12-24 10:15:53.518539: Price Spike CORN

Spike found in prices for CORN/20251200: need to manually check by running interactive_manual_check_historical_prices
********************************************************************************

********************************************************************************
Email stored not sent on 2024-12-24 16:07:56.429160: Price Spike CORN_mini

Spike found in prices for CORN_mini/20250300: need to manually check by running interactive_manual_check_historical_prices
********************************************************************************

********************************************************************************
Email stored not sent on 2024-12-24 16:08:09.368696: Price Spike CORN_mini

Spike found in prices for CORN_mini/20250900: need to manually check by running interactive_manual_check_historical_prices
********************************************************************************

********************************************************************************
Email stored not sent on 2024-12-26 13:52:00.232268: Price Spike MXP

Spike found in prices for MXP/20250300: need to manually check by running interactive_manual_check_historical_prices
********************************************************************************

********************************************************************************
Email stored not sent on 2024-12-26 15:31:50.126216: Price Spike CORN_mini

Spike found in prices for CORN_mini/20250700: need to manually check by running interactive_manual_check_historical_prices
********************************************************************************

********************************************************************************
Email stored not sent on 2024-12-30 20:58:22.658944: Price Spike MXP

Spike found in prices for MXP/20250300: need to manually check by running interactive_manual_check_historical_prices
********************************************************************************

********************************************************************************
Email stored not sent on 2024-12-30 21:44:45.837715: Price Spike MXP

To reduce email load, won't send any more emails with this subject today. Use 'interactive_diagnostics', 'Emails' to see stored messages
********************************************************************************

********************************************************************************
Email stored not sent on 2024-12-30 21:44:46.668005: Price Spike MXP

Spike found in prices for MXP/20250300: need to manually check by running interactive_manual_check_historical_prices
********************************************************************************

********************************************************************************
Email stored not sent on 2025-01-09 05:19:44.140258: Price Spike CORN

Spike found in prices for CORN/20260300: need to manually check by running interactive_manual_check_historical_prices
********************************************************************************

********************************************************************************
Email stored not sent on 2025-01-09 05:19:55.466841: Price Spike CORN

To reduce email load, won't send any more emails with this subject today. Use 'interactive_diagnostics', 'Emails' to see stored messages
********************************************************************************

********************************************************************************
Email stored not sent on 2025-01-09 05:19:55.732657: Price Spike CORN

Spike found in prices for CORN/20260500: need to manually check by running interactive_manual_check_historical_prices
********************************************************************************

********************************************************************************
Email stored not sent on 2025-01-09 05:19:58.538993: Price Spike CORN

Spike found in prices for CORN/20260700: need to manually check by running interactive_manual_check_historical_prices
********************************************************************************

********************************************************************************
Email stored not sent on 2025-01-09 05:20:01.295413: Price Spike CORN

Spike found in prices for CORN/20260900: need to manually check by running interactive_manual_check_historical_prices
********************************************************************************

********************************************************************************
Email stored not sent on 2025-01-09 05:20:04.085037: Price Spike CORN

Spike found in prices for CORN/20261200: need to manually check by running interactive_manual_check_historical_prices
********************************************************************************

********************************************************************************
Email stored not sent on 2025-01-10 14:04:24.623125: Price Spike CORN

Spike found in prices for CORN/20250300: need to manually check by running interactive_manual_check_historical_prices
********************************************************************************

********************************************************************************
Email stored not sent on 2025-01-10 14:05:10.919629: Price Spike CORN

To reduce email load, won't send any more emails with this subject today. Use 'interactive_diagnostics', 'Emails' to see stored messages
********************************************************************************

********************************************************************************
Email stored not sent on 2025-01-10 14:05:11.187001: Price Spike CORN

Spike found in prices for CORN/20250500: need to manually check by running interactive_manual_check_historical_prices
********************************************************************************

********************************************************************************
Email stored not sent on 2025-01-10 14:05:13.872807: Price Spike CORN

Spike found in prices for CORN/20250700: need to manually check by running interactive_manual_check_historical_prices
********************************************************************************

********************************************************************************
Email stored not sent on 2025-01-10 14:05:16.671508: Price Spike CORN

Spike found in prices for CORN/20250900: need to manually check by running interactive_manual_check_historical_prices
********************************************************************************

********************************************************************************
Email stored not sent on 2025-01-10 14:05:19.573625: Price Spike CORN

Spike found in prices for CORN/20251200: need to manually check by running interactive_manual_check_historical_prices
********************************************************************************

********************************************************************************
Email stored not sent on 2025-01-10 14:05:22.436754: Price Spike CORN

Spike found in prices for CORN/20260300: need to manually check by running interactive_manual_check_historical_prices
********************************************************************************

********************************************************************************
Email stored not sent on 2025-01-10 14:05:25.223606: Price Spike CORN

Spike found in prices for CORN/20260500: need to manually check by running interactive_manual_check_historical_prices
********************************************************************************

********************************************************************************
Email stored not sent on 2025-01-10 14:05:27.979466: Price Spike CORN

Spike found in prices for CORN/20260700: need to manually check by running interactive_manual_check_historical_prices
********************************************************************************

********************************************************************************
Email stored not sent on 2025-01-10 14:05:30.712634: Price Spike CORN

Spike found in prices for CORN/20260900: need to manually check by running interactive_manual_check_historical_prices
********************************************************************************

********************************************************************************
Email stored not sent on 2025-01-10 14:05:33.738634: Price Spike CORN

Spike found in prices for CORN/20261200: need to manually check by running interactive_manual_check_historical_prices
********************************************************************************

********************************************************************************
Email stored not sent on 2025-01-10 14:05:48.320450: Price Spike AUD_micro

Spike found in prices for AUD_micro/20250300: need to manually check by running interactive_manual_check_historical_prices
********************************************************************************

********************************************************************************
Email stored not sent on 2025-01-10 14:06:03.057617: Price Spike MXP

Spike found in prices for MXP/20250300: need to manually check by running interactive_manual_check_historical_prices
********************************************************************************

********************************************************************************
Email stored not sent on 2025-01-10 14:06:12.715539: Price Spike MXP

To reduce email load, won't send any more emails with this subject today. Use 'interactive_diagnostics', 'Emails' to see stored messages
********************************************************************************

********************************************************************************
Email stored not sent on 2025-01-10 14:06:12.989015: Price Spike MXP

Spike found in prices for MXP/20250300: need to manually check by running interactive_manual_check_historical_prices
********************************************************************************

********************************************************************************
Email stored not sent on 2025-01-10 14:06:16.022039: Price Spike MXP

Spike found in prices for MXP/20250600: need to manually check by running interactive_manual_check_historical_prices
********************************************************************************

********************************************************************************
Email stored not sent on 2025-01-10 14:06:19.062442: Price Spike MXP

Spike found in prices for MXP/20250900: need to manually check by running interactive_manual_check_historical_prices
********************************************************************************

********************************************************************************
Email stored not sent on 2025-01-10 14:06:45.910714: Price Spike AUD

Spike found in prices for AUD/20250300: need to manually check by running interactive_manual_check_historical_prices
********************************************************************************

********************************************************************************
Email stored not sent on 2025-01-10 15:31:21.516146: Price Spike CORN

Spike found in prices for CORN/20250300: need to manually check by running interactive_manual_check_historical_prices
********************************************************************************

********************************************************************************
Email stored not sent on 2025-01-10 15:31:24.136671: Price Spike CORN

Spike found in prices for CORN/20250500: need to manually check by running interactive_manual_check_historical_prices
********************************************************************************

********************************************************************************
Email stored not sent on 2025-01-10 15:31:26.866052: Price Spike CORN

Spike found in prices for CORN/20250700: need to manually check by running interactive_manual_check_historical_prices
********************************************************************************

********************************************************************************
Email stored not sent on 2025-01-10 15:31:29.597323: Price Spike CORN

Spike found in prices for CORN/20250900: need to manually check by running interactive_manual_check_historical_prices
********************************************************************************

********************************************************************************
Email stored not sent on 2025-01-10 15:31:32.377726: Price Spike CORN

Spike found in prices for CORN/20251200: need to manually check by running interactive_manual_check_historical_prices
********************************************************************************

********************************************************************************
Email stored not sent on 2025-01-10 15:31:35.120355: Price Spike CORN

Spike found in prices for CORN/20260300: need to manually check by running interactive_manual_check_historical_prices
********************************************************************************

********************************************************************************
Email stored not sent on 2025-01-10 15:31:37.957391: Price Spike CORN

Spike found in prices for CORN/20260500: need to manually check by running interactive_manual_check_historical_prices
********************************************************************************

********************************************************************************
Email stored not sent on 2025-01-10 15:31:40.794230: Price Spike CORN

Spike found in prices for CORN/20260700: need to manually check by running interactive_manual_check_historical_prices
********************************************************************************

********************************************************************************
Email stored not sent on 2025-01-10 15:31:43.526756: Price Spike CORN

Spike found in prices for CORN/20260900: need to manually check by running interactive_manual_check_historical_prices
********************************************************************************

********************************************************************************
Email stored not sent on 2025-01-10 15:31:46.323290: Price Spike CORN

Spike found in prices for CORN/20261200: need to manually check by running interactive_manual_check_historical_prices
********************************************************************************

********************************************************************************
Email stored not sent on 2025-01-10 15:34:31.168481: Price Spike AUD_micro

To reduce email load, won't send any more emails with this subject today. Use 'interactive_diagnostics', 'Emails' to see stored messages
********************************************************************************

********************************************************************************
Email stored not sent on 2025-01-10 15:34:31.425568: Price Spike AUD_micro

Spike found in prices for AUD_micro/20250300: need to manually check by running interactive_manual_check_historical_prices
********************************************************************************

********************************************************************************
Email stored not sent on 2025-01-10 15:34:37.734253: Price Spike MXP

Spike found in prices for MXP/20250300: need to manually check by running interactive_manual_check_historical_prices
********************************************************************************

********************************************************************************
Email stored not sent on 2025-01-10 15:34:39.028856: Price Spike MXP

Spike found in prices for MXP/20250300: need to manually check by running interactive_manual_check_historical_prices
********************************************************************************

********************************************************************************
Email stored not sent on 2025-01-10 15:34:42.147271: Price Spike MXP

Spike found in prices for MXP/20250600: need to manually check by running interactive_manual_check_historical_prices
********************************************************************************

********************************************************************************
Email stored not sent on 2025-01-10 15:34:45.306317: Price Spike MXP

Spike found in prices for MXP/20250900: need to manually check by running interactive_manual_check_historical_prices
********************************************************************************

********************************************************************************
Email stored not sent on 2025-01-10 15:35:38.306108: Price Spike CORN

Spike found in prices for CORN/20250300: need to manually check by running interactive_manual_check_historical_prices
********************************************************************************

********************************************************************************
Email stored not sent on 2025-01-10 15:35:41.161063: Price Spike CORN

Spike found in prices for CORN/20250500: need to manually check by running interactive_manual_check_historical_prices
********************************************************************************

********************************************************************************
Email stored not sent on 2025-01-10 15:35:43.978888: Price Spike CORN

Spike found in prices for CORN/20250700: need to manually check by running interactive_manual_check_historical_prices
********************************************************************************

********************************************************************************
Email stored not sent on 2025-01-10 15:35:46.709331: Price Spike CORN

Spike found in prices for CORN/20250900: need to manually check by running interactive_manual_check_historical_prices
********************************************************************************

********************************************************************************
Email stored not sent on 2025-01-10 15:35:49.427499: Price Spike CORN

Spike found in prices for CORN/20251200: need to manually check by running interactive_manual_check_historical_prices
********************************************************************************

********************************************************************************
Email stored not sent on 2025-01-10 15:35:52.271465: Price Spike CORN

Spike found in prices for CORN/20260300: need to manually check by running interactive_manual_check_historical_prices
********************************************************************************

********************************************************************************
Email stored not sent on 2025-01-10 15:35:55.096488: Price Spike CORN

Spike found in prices for CORN/20260500: need to manually check by running interactive_manual_check_historical_prices
********************************************************************************

********************************************************************************
Email stored not sent on 2025-01-10 15:35:57.817207: Price Spike CORN

Spike found in prices for CORN/20260700: need to manually check by running interactive_manual_check_historical_prices
********************************************************************************

********************************************************************************
Email stored not sent on 2025-01-10 15:36:00.548943: Price Spike CORN

Spike found in prices for CORN/20260900: need to manually check by running interactive_manual_check_historical_prices
********************************************************************************

********************************************************************************
Email stored not sent on 2025-01-10 15:36:03.343715: Price Spike CORN

Spike found in prices for CORN/20261200: need to manually check by running interactive_manual_check_historical_prices
********************************************************************************

********************************************************************************
Email stored not sent on 2025-01-10 15:36:09.530355: Price Spike AUD_micro

Spike found in prices for AUD_micro/20250300: need to manually check by running interactive_manual_check_historical_prices
********************************************************************************

********************************************************************************
Email stored not sent on 2025-01-10 15:36:16.044149: Price Spike MXP

Spike found in prices for MXP/20250300: need to manually check by running interactive_manual_check_historical_prices
********************************************************************************

********************************************************************************
Email stored not sent on 2025-01-10 15:36:17.438300: Price Spike MXP

Spike found in prices for MXP/20250300: need to manually check by running interactive_manual_check_historical_prices
********************************************************************************

********************************************************************************
Email stored not sent on 2025-01-10 15:36:20.453769: Price Spike MXP

Spike found in prices for MXP/20250600: need to manually check by running interactive_manual_check_historical_prices
********************************************************************************

********************************************************************************
Email stored not sent on 2025-01-10 15:36:23.479800: Price Spike MXP

Spike found in prices for MXP/20250900: need to manually check by running interactive_manual_check_historical_prices
********************************************************************************

********************************************************************************
Email stored not sent on 2025-01-10 15:36:58.197168: Price Spike AUD

To reduce email load, won't send any more emails with this subject today. Use 'interactive_diagnostics', 'Emails' to see stored messages
********************************************************************************

********************************************************************************
Email stored not sent on 2025-01-10 15:36:58.498450: Price Spike AUD

Spike found in prices for AUD/20250300: need to manually check by running interactive_manual_check_historical_prices
********************************************************************************

********************************************************************************
Email stored not sent on 2025-01-10 15:42:24.527672: Price Spike CORN

Spike found in prices for CORN/20250300: need to manually check by running interactive_manual_check_historical_prices
********************************************************************************

********************************************************************************
Email stored not sent on 2025-01-10 15:42:27.373991: Price Spike CORN

Spike found in prices for CORN/20250500: need to manually check by running interactive_manual_check_historical_prices
********************************************************************************

********************************************************************************
Email stored not sent on 2025-01-10 15:42:30.312508: Price Spike CORN

Spike found in prices for CORN/20250700: need to manually check by running interactive_manual_check_historical_prices
********************************************************************************

********************************************************************************
Email stored not sent on 2025-01-10 15:42:33.202069: Price Spike CORN

Spike found in prices for CORN/20250900: need to manually check by running interactive_manual_check_historical_prices
********************************************************************************

********************************************************************************
Email stored not sent on 2025-01-10 15:42:36.019568: Price Spike CORN

Spike found in prices for CORN/20251200: need to manually check by running interactive_manual_check_historical_prices
********************************************************************************

********************************************************************************
Email stored not sent on 2025-01-10 15:42:38.808996: Price Spike CORN

Spike found in prices for CORN/20260300: need to manually check by running interactive_manual_check_historical_prices
********************************************************************************

********************************************************************************
Email stored not sent on 2025-01-10 15:42:41.652508: Price Spike CORN

Spike found in prices for CORN/20260500: need to manually check by running interactive_manual_check_historical_prices
********************************************************************************

********************************************************************************
Email stored not sent on 2025-01-10 15:42:44.668753: Price Spike CORN

Spike found in prices for CORN/20260700: need to manually check by running interactive_manual_check_historical_prices
********************************************************************************

********************************************************************************
Email stored not sent on 2025-01-10 15:42:47.441785: Price Spike CORN

Spike found in prices for CORN/20260900: need to manually check by running interactive_manual_check_historical_prices
********************************************************************************

********************************************************************************
Email stored not sent on 2025-01-10 15:42:50.335667: Price Spike CORN

Spike found in prices for CORN/20261200: need to manually check by running interactive_manual_check_historical_prices
********************************************************************************

********************************************************************************
Email stored not sent on 2025-01-10 15:42:56.725271: Price Spike AUD_micro

Spike found in prices for AUD_micro/20250300: need to manually check by running interactive_manual_check_historical_prices
********************************************************************************

********************************************************************************
Email stored not sent on 2025-01-10 15:43:03.226576: Price Spike MXP

Spike found in prices for MXP/20250300: need to manually check by running interactive_manual_check_historical_prices
********************************************************************************

********************************************************************************
Email stored not sent on 2025-01-10 15:43:04.591178: Price Spike MXP

Spike found in prices for MXP/20250300: need to manually check by running interactive_manual_check_historical_prices
********************************************************************************

********************************************************************************
Email stored not sent on 2025-01-10 15:43:07.777815: Price Spike MXP

Spike found in prices for MXP/20250600: need to manually check by running interactive_manual_check_historical_prices
********************************************************************************

********************************************************************************
Email stored not sent on 2025-01-10 15:43:10.851047: Price Spike MXP

Spike found in prices for MXP/20250900: need to manually check by running interactive_manual_check_historical_prices
********************************************************************************

********************************************************************************
Email stored not sent on 2025-01-10 15:43:34.780950: Price Spike AUD

Spike found in prices for AUD/20250300: need to manually check by running interactive_manual_check_historical_prices
********************************************************************************

********************************************************************************
Email stored not sent on 2025-01-10 20:50:31.794525: Price Spike CORN

Spike found in prices for CORN/20250300: need to manually check by running interactive_manual_check_historical_prices
********************************************************************************

********************************************************************************
Email stored not sent on 2025-01-10 20:50:34.468902: Price Spike CORN

Spike found in prices for CORN/20250500: need to manually check by running interactive_manual_check_historical_prices
********************************************************************************

********************************************************************************
Email stored not sent on 2025-01-10 20:50:37.064419: Price Spike CORN

Spike found in prices for CORN/20250700: need to manually check by running interactive_manual_check_historical_prices
********************************************************************************

********************************************************************************
Email stored not sent on 2025-01-10 20:50:39.781340: Price Spike CORN

Spike found in prices for CORN/20250900: need to manually check by running interactive_manual_check_historical_prices
********************************************************************************

********************************************************************************
Email stored not sent on 2025-01-10 20:50:42.669559: Price Spike CORN

Spike found in prices for CORN/20251200: need to manually check by running interactive_manual_check_historical_prices
********************************************************************************

********************************************************************************
Email stored not sent on 2025-01-10 20:50:45.349142: Price Spike CORN

Spike found in prices for CORN/20260300: need to manually check by running interactive_manual_check_historical_prices
********************************************************************************

********************************************************************************
Email stored not sent on 2025-01-10 20:50:48.064240: Price Spike CORN

Spike found in prices for CORN/20260500: need to manually check by running interactive_manual_check_historical_prices
********************************************************************************

********************************************************************************
Email stored not sent on 2025-01-10 20:50:50.885108: Price Spike CORN

Spike found in prices for CORN/20260700: need to manually check by running interactive_manual_check_historical_prices
********************************************************************************

********************************************************************************
Email stored not sent on 2025-01-10 20:50:53.596886: Price Spike CORN

Spike found in prices for CORN/20260900: need to manually check by running interactive_manual_check_historical_prices
********************************************************************************

********************************************************************************
Email stored not sent on 2025-01-10 20:50:56.553833: Price Spike CORN

Spike found in prices for CORN/20261200: need to manually check by running interactive_manual_check_historical_prices
********************************************************************************

********************************************************************************
Email stored not sent on 2025-01-10 20:51:02.721356: Price Spike AUD_micro

Spike found in prices for AUD_micro/20250300: need to manually check by running interactive_manual_check_historical_prices
********************************************************************************

********************************************************************************
Email stored not sent on 2025-01-10 20:51:09.178712: Price Spike MXP

Spike found in prices for MXP/20250300: need to manually check by running interactive_manual_check_historical_prices
********************************************************************************

********************************************************************************
Email stored not sent on 2025-01-10 20:51:10.537401: Price Spike MXP

Spike found in prices for MXP/20250300: need to manually check by running interactive_manual_check_historical_prices
********************************************************************************

********************************************************************************
Email stored not sent on 2025-01-10 20:51:13.703291: Price Spike MXP

Spike found in prices for MXP/20250600: need to manually check by running interactive_manual_check_historical_prices
********************************************************************************

********************************************************************************
Email stored not sent on 2025-01-10 20:51:16.650585: Price Spike MXP

Spike found in prices for MXP/20250900: need to manually check by running interactive_manual_check_historical_prices
********************************************************************************

********************************************************************************
Email stored not sent on 2025-01-10 20:51:41.726173: Price Spike AUD

Spike found in prices for AUD/20250300: need to manually check by running interactive_manual_check_historical_prices
********************************************************************************

********************************************************************************
Email stored not sent on 2025-01-10 21:23:07.109902: Price Spike CORN

Spike found in prices for CORN/20250300: need to manually check by running interactive_manual_check_historical_prices
********************************************************************************

********************************************************************************
Email stored not sent on 2025-01-10 21:23:11.178881: Price Spike CORN

Spike found in prices for CORN/20250500: need to manually check by running interactive_manual_check_historical_prices
********************************************************************************

********************************************************************************
Email stored not sent on 2025-01-10 21:23:16.300358: Price Spike CORN

Spike found in prices for CORN/20250700: need to manually check by running interactive_manual_check_historical_prices
********************************************************************************

********************************************************************************
Email stored not sent on 2025-01-10 21:23:19.104750: Price Spike CORN

Spike found in prices for CORN/20250900: need to manually check by running interactive_manual_check_historical_prices
********************************************************************************

********************************************************************************
Email stored not sent on 2025-01-10 21:23:22.197997: Price Spike CORN

Spike found in prices for CORN/20251200: need to manually check by running interactive_manual_check_historical_prices
********************************************************************************

********************************************************************************
Email stored not sent on 2025-01-10 21:23:28.237167: Price Spike CORN

Spike found in prices for CORN/20260300: need to manually check by running interactive_manual_check_historical_prices
********************************************************************************

********************************************************************************
Email stored not sent on 2025-01-10 21:23:31.521226: Price Spike CORN

Spike found in prices for CORN/20260500: need to manually check by running interactive_manual_check_historical_prices
********************************************************************************

********************************************************************************
Email stored not sent on 2025-01-10 21:23:34.518278: Price Spike CORN

Spike found in prices for CORN/20260700: need to manually check by running interactive_manual_check_historical_prices
********************************************************************************

********************************************************************************
Email stored not sent on 2025-01-10 21:23:38.166859: Price Spike CORN

Spike found in prices for CORN/20260900: need to manually check by running interactive_manual_check_historical_prices
********************************************************************************

********************************************************************************
Email stored not sent on 2025-01-10 21:23:41.799235: Price Spike CORN

Spike found in prices for CORN/20261200: need to manually check by running interactive_manual_check_historical_prices
********************************************************************************

********************************************************************************
Email stored not sent on 2025-01-10 21:23:48.457119: Price Spike AUD_micro

Spike found in prices for AUD_micro/20250300: need to manually check by running interactive_manual_check_historical_prices
********************************************************************************

********************************************************************************
Email stored not sent on 2025-01-10 21:23:55.098607: Price Spike MXP

Spike found in prices for MXP/20250300: need to manually check by running interactive_manual_check_historical_prices
********************************************************************************

********************************************************************************
Email stored not sent on 2025-01-10 21:23:56.382186: Price Spike MXP

Spike found in prices for MXP/20250300: need to manually check by running interactive_manual_check_historical_prices
********************************************************************************

********************************************************************************
Email stored not sent on 2025-01-10 21:23:59.905163: Price Spike MXP

Spike found in prices for MXP/20250600: need to manually check by running interactive_manual_check_historical_prices
********************************************************************************

********************************************************************************
Email stored not sent on 2025-01-10 21:24:02.992675: Price Spike MXP

Spike found in prices for MXP/20250900: need to manually check by running interactive_manual_check_historical_prices
********************************************************************************

********************************************************************************
Email stored not sent on 2025-01-10 21:24:25.938880: Price Spike AUD

Spike found in prices for AUD/20250300: need to manually check by running interactive_manual_check_historical_prices
********************************************************************************

********************************************************************************
Email stored not sent on 2025-01-10 21:35:30.838488: Price Spike CORN

Spike found in prices for CORN/20250300: need to manually check by running interactive_manual_check_historical_prices
********************************************************************************

********************************************************************************
Email stored not sent on 2025-01-10 21:35:36.662988: Price Spike CORN

Spike found in prices for CORN/20250500: need to manually check by running interactive_manual_check_historical_prices
********************************************************************************

********************************************************************************
Email stored not sent on 2025-01-10 21:35:40.252403: Price Spike CORN

Spike found in prices for CORN/20250700: need to manually check by running interactive_manual_check_historical_prices
********************************************************************************

********************************************************************************
Email stored not sent on 2025-01-10 21:35:44.571806: Price Spike CORN

Spike found in prices for CORN/20250900: need to manually check by running interactive_manual_check_historical_prices
********************************************************************************

********************************************************************************
Email stored not sent on 2025-01-10 21:35:47.876005: Price Spike CORN

Spike found in prices for CORN/20251200: need to manually check by running interactive_manual_check_historical_prices
********************************************************************************

********************************************************************************
Email stored not sent on 2025-01-10 21:35:51.894251: Price Spike CORN

Spike found in prices for CORN/20260300: need to manually check by running interactive_manual_check_historical_prices
********************************************************************************

********************************************************************************
Email stored not sent on 2025-01-10 21:35:55.676334: Price Spike CORN

Spike found in prices for CORN/20260500: need to manually check by running interactive_manual_check_historical_prices
********************************************************************************

********************************************************************************
Email stored not sent on 2025-01-10 21:36:00.066420: Price Spike CORN

Spike found in prices for CORN/20260700: need to manually check by running interactive_manual_check_historical_prices
********************************************************************************

********************************************************************************
Email stored not sent on 2025-01-10 21:36:03.882872: Price Spike CORN

Spike found in prices for CORN/20260900: need to manually check by running interactive_manual_check_historical_prices
********************************************************************************

********************************************************************************
Email stored not sent on 2025-01-10 21:36:09.041252: Price Spike CORN

Spike found in prices for CORN/20261200: need to manually check by running interactive_manual_check_historical_prices
********************************************************************************

********************************************************************************
Email stored not sent on 2025-01-10 21:36:18.041431: Price Spike AUD_micro

Spike found in prices for AUD_micro/20250300: need to manually check by running interactive_manual_check_historical_prices
********************************************************************************

********************************************************************************
Email stored not sent on 2025-01-10 21:36:28.759141: Price Spike MXP

Spike found in prices for MXP/20250300: need to manually check by running interactive_manual_check_historical_prices
********************************************************************************

********************************************************************************
Email stored not sent on 2025-01-10 21:36:31.018868: Price Spike MXP

Spike found in prices for MXP/20250300: need to manually check by running interactive_manual_check_historical_prices
********************************************************************************

********************************************************************************
Email stored not sent on 2025-01-10 21:36:38.084851: Price Spike MXP

Spike found in prices for MXP/20250600: need to manually check by running interactive_manual_check_historical_prices
********************************************************************************

********************************************************************************
Email stored not sent on 2025-01-10 21:36:42.984063: Price Spike MXP

Spike found in prices for MXP/20250900: need to manually check by running interactive_manual_check_historical_prices
********************************************************************************

********************************************************************************
Email stored not sent on 2025-01-10 21:37:06.581270: Price Spike AUD

Spike found in prices for AUD/20250300: need to manually check by running interactive_manual_check_historical_prices
********************************************************************************

********************************************************************************
Email stored not sent on 2025-01-10 21:41:45.066674: Price Spike CORN

Spike found in prices for CORN/20250300: need to manually check by running interactive_manual_check_historical_prices
********************************************************************************

********************************************************************************
Email stored not sent on 2025-01-10 21:41:48.640871: Price Spike CORN

Spike found in prices for CORN/20250500: need to manually check by running interactive_manual_check_historical_prices
********************************************************************************

********************************************************************************
Email stored not sent on 2025-01-10 21:41:51.798047: Price Spike CORN

Spike found in prices for CORN/20250700: need to manually check by running interactive_manual_check_historical_prices
********************************************************************************

********************************************************************************
Email stored not sent on 2025-01-10 21:41:54.881889: Price Spike CORN

Spike found in prices for CORN/20250900: need to manually check by running interactive_manual_check_historical_prices
********************************************************************************

********************************************************************************
Email stored not sent on 2025-01-10 21:41:58.097265: Price Spike CORN

Spike found in prices for CORN/20251200: need to manually check by running interactive_manual_check_historical_prices
********************************************************************************

********************************************************************************
Email stored not sent on 2025-01-10 21:42:00.990048: Price Spike CORN

Spike found in prices for CORN/20260300: need to manually check by running interactive_manual_check_historical_prices
********************************************************************************

********************************************************************************
Email stored not sent on 2025-01-10 21:42:04.964688: Price Spike CORN

Spike found in prices for CORN/20260500: need to manually check by running interactive_manual_check_historical_prices
********************************************************************************

********************************************************************************
Email stored not sent on 2025-01-10 21:42:07.743142: Price Spike CORN

Spike found in prices for CORN/20260700: need to manually check by running interactive_manual_check_historical_prices
********************************************************************************

********************************************************************************
Email stored not sent on 2025-01-10 21:42:10.488311: Price Spike CORN

Spike found in prices for CORN/20260900: need to manually check by running interactive_manual_check_historical_prices
********************************************************************************

********************************************************************************
Email stored not sent on 2025-01-10 21:42:13.366266: Price Spike CORN

Spike found in prices for CORN/20261200: need to manually check by running interactive_manual_check_historical_prices
********************************************************************************

********************************************************************************
Email stored not sent on 2025-01-10 21:42:20.434024: Price Spike AUD_micro

Spike found in prices for AUD_micro/20250300: need to manually check by running interactive_manual_check_historical_prices
********************************************************************************

********************************************************************************
Email stored not sent on 2025-01-10 21:42:29.863669: Price Spike MXP

Spike found in prices for MXP/20250300: need to manually check by running interactive_manual_check_historical_prices
********************************************************************************

********************************************************************************
Email stored not sent on 2025-01-10 21:42:31.164252: Price Spike MXP

Spike found in prices for MXP/20250300: need to manually check by running interactive_manual_check_historical_prices
********************************************************************************

********************************************************************************
Email stored not sent on 2025-01-10 21:42:34.794366: Price Spike MXP

Spike found in prices for MXP/20250600: need to manually check by running interactive_manual_check_historical_prices
********************************************************************************

********************************************************************************
Email stored not sent on 2025-01-10 21:42:38.991381: Price Spike MXP

Spike found in prices for MXP/20250900: need to manually check by running interactive_manual_check_historical_prices
********************************************************************************

********************************************************************************
Email stored not sent on 2025-01-10 21:43:04.442980: Price Spike AUD

Spike found in prices for AUD/20250300: need to manually check by running interactive_manual_check_historical_prices
********************************************************************************

********************************************************************************
Email stored not sent on 2025-01-10 21:50:43.614781: Price Spike CORN

Spike found in prices for CORN/20250300: need to manually check by running interactive_manual_check_historical_prices
********************************************************************************

********************************************************************************
Email stored not sent on 2025-01-10 21:50:46.416878: Price Spike CORN

Spike found in prices for CORN/20250500: need to manually check by running interactive_manual_check_historical_prices
********************************************************************************

********************************************************************************
Email stored not sent on 2025-01-10 21:50:49.417156: Price Spike CORN

Spike found in prices for CORN/20250700: need to manually check by running interactive_manual_check_historical_prices
********************************************************************************

********************************************************************************
Email stored not sent on 2025-01-10 21:50:56.775918: Price Spike CORN

Spike found in prices for CORN/20251200: need to manually check by running interactive_manual_check_historical_prices
********************************************************************************

********************************************************************************
Email stored not sent on 2025-01-10 21:51:04.746076: Price Spike CORN

Spike found in prices for CORN/20260500: need to manually check by running interactive_manual_check_historical_prices
********************************************************************************

********************************************************************************
Email stored not sent on 2025-01-10 21:51:12.070198: Price Spike CORN

Spike found in prices for CORN/20260900: need to manually check by running interactive_manual_check_historical_prices
********************************************************************************

********************************************************************************
Email stored not sent on 2025-01-10 21:51:16.562344: Price Spike CORN

Spike found in prices for CORN/20261200: need to manually check by running interactive_manual_check_historical_prices
********************************************************************************

********************************************************************************
Email stored not sent on 2025-01-10 21:51:24.113193: Price Spike AUD_micro

Spike found in prices for AUD_micro/20250300: need to manually check by running interactive_manual_check_historical_prices
********************************************************************************

********************************************************************************
Email stored not sent on 2025-01-10 21:51:34.021244: Price Spike MXP

Spike found in prices for MXP/20250300: need to manually check by running interactive_manual_check_historical_prices
********************************************************************************

********************************************************************************
Email stored not sent on 2025-01-10 21:51:37.651571: Price Spike MXP

Spike found in prices for MXP/20250600: need to manually check by running interactive_manual_check_historical_prices
********************************************************************************

********************************************************************************
Email stored not sent on 2025-01-10 21:51:41.135793: Price Spike MXP

Spike found in prices for MXP/20250900: need to manually check by running interactive_manual_check_historical_prices
********************************************************************************

********************************************************************************
Email stored not sent on 2025-01-10 21:52:03.574969: Price Spike AUD

Spike found in prices for AUD/20250300: need to manually check by running interactive_manual_check_historical_prices
********************************************************************************

********************************************************************************
Email stored not sent on 2025-01-10 21:56:51.677786: Price Spike CORN

Spike found in prices for CORN/20250300: need to manually check by running interactive_manual_check_historical_prices
********************************************************************************

********************************************************************************
Email stored not sent on 2025-01-10 21:56:55.677020: Price Spike CORN

Spike found in prices for CORN/20250500: need to manually check by running interactive_manual_check_historical_prices
********************************************************************************

********************************************************************************
Email stored not sent on 2025-01-10 21:56:59.297817: Price Spike CORN

Spike found in prices for CORN/20250700: need to manually check by running interactive_manual_check_historical_prices
********************************************************************************

********************************************************************************
Email stored not sent on 2025-01-10 21:57:08.102101: Price Spike CORN

Spike found in prices for CORN/20251200: need to manually check by running interactive_manual_check_historical_prices
********************************************************************************

********************************************************************************
Email stored not sent on 2025-01-10 21:57:16.398594: Price Spike CORN

Spike found in prices for CORN/20260500: need to manually check by running interactive_manual_check_historical_prices
********************************************************************************

********************************************************************************
Email stored not sent on 2025-01-10 21:57:23.883868: Price Spike CORN

Spike found in prices for CORN/20260900: need to manually check by running interactive_manual_check_historical_prices
********************************************************************************

********************************************************************************
Email stored not sent on 2025-01-10 21:57:28.634815: Price Spike CORN

Spike found in prices for CORN/20261200: need to manually check by running interactive_manual_check_historical_prices
********************************************************************************

********************************************************************************
Email stored not sent on 2025-01-10 21:57:36.237927: Price Spike AUD_micro

Spike found in prices for AUD_micro/20250300: need to manually check by running interactive_manual_check_historical_prices
********************************************************************************

********************************************************************************
Email stored not sent on 2025-01-10 21:57:46.369157: Price Spike MXP

Spike found in prices for MXP/20250300: need to manually check by running interactive_manual_check_historical_prices
********************************************************************************

********************************************************************************
Email stored not sent on 2025-01-10 21:57:51.082588: Price Spike MXP

Spike found in prices for MXP/20250600: need to manually check by running interactive_manual_check_historical_prices
********************************************************************************

********************************************************************************
Email stored not sent on 2025-01-10 21:57:55.933940: Price Spike MXP

Spike found in prices for MXP/20250900: need to manually check by running interactive_manual_check_historical_prices
********************************************************************************

********************************************************************************
Email stored not sent on 2025-01-10 21:58:24.650841: Price Spike AUD

Spike found in prices for AUD/20250300: need to manually check by running interactive_manual_check_historical_prices
********************************************************************************

********************************************************************************
Email stored not sent on 2025-01-10 22:02:20.556304: Price Spike CORN

Spike found in prices for CORN/20250300: need to manually check by running interactive_manual_check_historical_prices
********************************************************************************

********************************************************************************
Email stored not sent on 2025-01-10 22:02:23.727647: Price Spike CORN

Spike found in prices for CORN/20250500: need to manually check by running interactive_manual_check_historical_prices
********************************************************************************

********************************************************************************
Email stored not sent on 2025-01-10 22:02:28.942167: Price Spike CORN

Spike found in prices for CORN/20250700: need to manually check by running interactive_manual_check_historical_prices
********************************************************************************

********************************************************************************
Email stored not sent on 2025-01-10 22:02:37.055244: Price Spike CORN

Spike found in prices for CORN/20251200: need to manually check by running interactive_manual_check_historical_prices
********************************************************************************

********************************************************************************
Email stored not sent on 2025-01-10 22:02:45.335191: Price Spike CORN

Spike found in prices for CORN/20260500: need to manually check by running interactive_manual_check_historical_prices
********************************************************************************

********************************************************************************
Email stored not sent on 2025-01-10 22:02:54.585199: Price Spike CORN

Spike found in prices for CORN/20260900: need to manually check by running interactive_manual_check_historical_prices
********************************************************************************

********************************************************************************
Email stored not sent on 2025-01-10 22:02:59.993635: Price Spike CORN

Spike found in prices for CORN/20261200: need to manually check by running interactive_manual_check_historical_prices
********************************************************************************

********************************************************************************
Email stored not sent on 2025-01-10 22:03:10.256977: Price Spike AUD_micro

Spike found in prices for AUD_micro/20250300: need to manually check by running interactive_manual_check_historical_prices
********************************************************************************

********************************************************************************
Email stored not sent on 2025-01-10 22:03:23.077327: Price Spike MXP

Spike found in prices for MXP/20250300: need to manually check by running interactive_manual_check_historical_prices
********************************************************************************

********************************************************************************
Email stored not sent on 2025-01-10 22:03:26.100138: Price Spike MXP

Spike found in prices for MXP/20250600: need to manually check by running interactive_manual_check_historical_prices
********************************************************************************

********************************************************************************
Email stored not sent on 2025-01-10 22:03:29.677414: Price Spike MXP

Spike found in prices for MXP/20250900: need to manually check by running interactive_manual_check_historical_prices
********************************************************************************

********************************************************************************
Email stored not sent on 2025-01-10 22:03:53.773427: Price Spike AUD

Spike found in prices for AUD/20250300: need to manually check by running interactive_manual_check_historical_prices
********************************************************************************

********************************************************************************
Email stored not sent on 2025-01-10 22:08:05.941621: Price Spike CORN

Spike found in prices for CORN/20250300: need to manually check by running interactive_manual_check_historical_prices
********************************************************************************

********************************************************************************
Email stored not sent on 2025-01-10 22:08:09.096273: Price Spike CORN

Spike found in prices for CORN/20250500: need to manually check by running interactive_manual_check_historical_prices
********************************************************************************

********************************************************************************
Email stored not sent on 2025-01-10 22:08:12.191682: Price Spike CORN

Spike found in prices for CORN/20250700: need to manually check by running interactive_manual_check_historical_prices
********************************************************************************

********************************************************************************
Email stored not sent on 2025-01-10 22:08:19.004724: Price Spike CORN

Spike found in prices for CORN/20251200: need to manually check by running interactive_manual_check_historical_prices
********************************************************************************

********************************************************************************
Email stored not sent on 2025-01-10 22:08:25.689784: Price Spike CORN

Spike found in prices for CORN/20260500: need to manually check by running interactive_manual_check_historical_prices
********************************************************************************

********************************************************************************
Email stored not sent on 2025-01-10 22:08:31.390802: Price Spike CORN

Spike found in prices for CORN/20260900: need to manually check by running interactive_manual_check_historical_prices
********************************************************************************

********************************************************************************
Email stored not sent on 2025-01-10 22:08:34.305241: Price Spike CORN

Spike found in prices for CORN/20261200: need to manually check by running interactive_manual_check_historical_prices
********************************************************************************

********************************************************************************
Email stored not sent on 2025-01-10 22:08:40.905358: Price Spike AUD_micro

Spike found in prices for AUD_micro/20250300: need to manually check by running interactive_manual_check_historical_prices
********************************************************************************

********************************************************************************
Email stored not sent on 2025-01-10 22:08:49.305422: Price Spike MXP

Spike found in prices for MXP/20250300: need to manually check by running interactive_manual_check_historical_prices
********************************************************************************

********************************************************************************
Email stored not sent on 2025-01-10 22:08:53.128813: Price Spike MXP

Spike found in prices for MXP/20250600: need to manually check by running interactive_manual_check_historical_prices
********************************************************************************

********************************************************************************
Email stored not sent on 2025-01-10 22:08:56.748172: Price Spike MXP

Spike found in prices for MXP/20250900: need to manually check by running interactive_manual_check_historical_prices
********************************************************************************

********************************************************************************
Email stored not sent on 2025-01-10 22:09:16.216106: Price Spike AUD

Spike found in prices for AUD/20250300: need to manually check by running interactive_manual_check_historical_prices
********************************************************************************

********************************************************************************
Email stored not sent on 2025-01-10 22:15:10.311949: Price Spike CORN

Spike found in prices for CORN/20250300: need to manually check by running interactive_manual_check_historical_prices
********************************************************************************

********************************************************************************
Email stored not sent on 2025-01-10 22:15:13.932439: Price Spike CORN

Spike found in prices for CORN/20250500: need to manually check by running interactive_manual_check_historical_prices
********************************************************************************

********************************************************************************
Email stored not sent on 2025-01-10 22:15:18.976726: Price Spike CORN

Spike found in prices for CORN/20250700: need to manually check by running interactive_manual_check_historical_prices
********************************************************************************

********************************************************************************
Email stored not sent on 2025-01-10 22:15:27.302729: Price Spike CORN

Spike found in prices for CORN/20251200: need to manually check by running interactive_manual_check_historical_prices
********************************************************************************

********************************************************************************
Email stored not sent on 2025-01-10 22:15:34.910626: Price Spike CORN

Spike found in prices for CORN/20260500: need to manually check by running interactive_manual_check_historical_prices
********************************************************************************

********************************************************************************
Email stored not sent on 2025-01-10 22:15:43.964684: Price Spike CORN

Spike found in prices for CORN/20260900: need to manually check by running interactive_manual_check_historical_prices
********************************************************************************

********************************************************************************
Email stored not sent on 2025-01-10 22:15:46.837185: Price Spike CORN

Spike found in prices for CORN/20261200: need to manually check by running interactive_manual_check_historical_prices
********************************************************************************

********************************************************************************
Email stored not sent on 2025-01-10 22:15:54.634655: Price Spike AUD_micro

Spike found in prices for AUD_micro/20250300: need to manually check by running interactive_manual_check_historical_prices
********************************************************************************

********************************************************************************
Email stored not sent on 2025-01-10 22:16:03.625244: Price Spike MXP

Spike found in prices for MXP/20250300: need to manually check by running interactive_manual_check_historical_prices
********************************************************************************

********************************************************************************
Email stored not sent on 2025-01-10 22:16:07.250945: Price Spike MXP

Spike found in prices for MXP/20250600: need to manually check by running interactive_manual_check_historical_prices
********************************************************************************

********************************************************************************
Email stored not sent on 2025-01-10 22:16:11.327001: Price Spike MXP

Spike found in prices for MXP/20250900: need to manually check by running interactive_manual_check_historical_prices
********************************************************************************

********************************************************************************
Email stored not sent on 2025-01-10 22:16:38.078887: Price Spike AUD

Spike found in prices for AUD/20250300: need to manually check by running interactive_manual_check_historical_prices
********************************************************************************

********************************************************************************
Email stored not sent on 2025-01-11 07:50:27.837619: Price Spike CORN

Spike found in prices for CORN/20250300: need to manually check by running interactive_manual_check_historical_prices
********************************************************************************

********************************************************************************
Email stored not sent on 2025-01-11 07:50:30.537708: Price Spike CORN

Spike found in prices for CORN/20250500: need to manually check by running interactive_manual_check_historical_prices
********************************************************************************

********************************************************************************
Email stored not sent on 2025-01-11 07:50:33.476467: Price Spike CORN

Spike found in prices for CORN/20250700: need to manually check by running interactive_manual_check_historical_prices
********************************************************************************

********************************************************************************
Email stored not sent on 2025-01-11 07:50:39.425231: Price Spike CORN

Spike found in prices for CORN/20251200: need to manually check by running interactive_manual_check_historical_prices
********************************************************************************

********************************************************************************
Email stored not sent on 2025-01-11 07:50:45.448699: Price Spike CORN

Spike found in prices for CORN/20260500: need to manually check by running interactive_manual_check_historical_prices
********************************************************************************

********************************************************************************
Email stored not sent on 2025-01-11 07:50:51.399354: Price Spike CORN

Spike found in prices for CORN/20260900: need to manually check by running interactive_manual_check_historical_prices
********************************************************************************

********************************************************************************
Email stored not sent on 2025-01-11 07:50:54.310464: Price Spike CORN

Spike found in prices for CORN/20261200: need to manually check by running interactive_manual_check_historical_prices
********************************************************************************

********************************************************************************
Email stored not sent on 2025-01-11 07:51:03.725220: Price Spike AUD_micro

Spike found in prices for AUD_micro/20250300: need to manually check by running interactive_manual_check_historical_prices
********************************************************************************

********************************************************************************
Email stored not sent on 2025-01-11 07:51:31.177708: Price Spike MXP

Spike found in prices for MXP/20250300: need to manually check by running interactive_manual_check_historical_prices
********************************************************************************

********************************************************************************
Email stored not sent on 2025-01-11 07:51:34.514666: Price Spike MXP

Spike found in prices for MXP/20250600: need to manually check by running interactive_manual_check_historical_prices
********************************************************************************

********************************************************************************
Email stored not sent on 2025-01-11 07:51:37.682695: Price Spike MXP

Spike found in prices for MXP/20250900: need to manually check by running interactive_manual_check_historical_prices
********************************************************************************

********************************************************************************
Email stored not sent on 2025-01-11 07:51:51.575708: Price Spike CORN_mini

Spike found in prices for CORN_mini/20250300: need to manually check by running interactive_manual_check_historical_prices
********************************************************************************

********************************************************************************
Email stored not sent on 2025-01-11 07:52:03.047347: Price Spike CORN_mini

To reduce email load, won't send any more emails with this subject today. Use 'interactive_diagnostics', 'Emails' to see stored messages
********************************************************************************

********************************************************************************
Email stored not sent on 2025-01-11 07:52:03.320086: Price Spike CORN_mini

Spike found in prices for CORN_mini/20250500: need to manually check by running interactive_manual_check_historical_prices
********************************************************************************

********************************************************************************
Email stored not sent on 2025-01-11 07:52:06.192830: Price Spike CORN_mini

Spike found in prices for CORN_mini/20250700: need to manually check by running interactive_manual_check_historical_prices
********************************************************************************

********************************************************************************
Email stored not sent on 2025-01-11 07:52:13.764746: Price Spike AUD

Spike found in prices for AUD/20250300: need to manually check by running interactive_manual_check_historical_prices
********************************************************************************

********************************************************************************
Email stored not sent on 2025-01-11 07:56:16.726519: Price Spike CORN

Spike found in prices for CORN/20250300: need to manually check by running interactive_manual_check_historical_prices
********************************************************************************

********************************************************************************
Email stored not sent on 2025-01-11 07:56:19.618832: Price Spike CORN

Spike found in prices for CORN/20250500: need to manually check by running interactive_manual_check_historical_prices
********************************************************************************

********************************************************************************
Email stored not sent on 2025-01-11 07:56:22.601436: Price Spike CORN

Spike found in prices for CORN/20250700: need to manually check by running interactive_manual_check_historical_prices
********************************************************************************

********************************************************************************
Email stored not sent on 2025-01-11 07:56:28.525386: Price Spike CORN

Spike found in prices for CORN/20251200: need to manually check by running interactive_manual_check_historical_prices
********************************************************************************

********************************************************************************
Email stored not sent on 2025-01-11 07:56:34.788796: Price Spike CORN

Spike found in prices for CORN/20260500: need to manually check by running interactive_manual_check_historical_prices
********************************************************************************

********************************************************************************
Email stored not sent on 2025-01-11 07:56:40.537973: Price Spike CORN

Spike found in prices for CORN/20260900: need to manually check by running interactive_manual_check_historical_prices
********************************************************************************

********************************************************************************
Email stored not sent on 2025-01-11 07:56:43.272840: Price Spike CORN

Spike found in prices for CORN/20261200: need to manually check by running interactive_manual_check_historical_prices
********************************************************************************

********************************************************************************
Email stored not sent on 2025-01-11 07:56:52.791689: Price Spike AUD_micro

Spike found in prices for AUD_micro/20250300: need to manually check by running interactive_manual_check_historical_prices
********************************************************************************

********************************************************************************
Email stored not sent on 2025-01-11 07:57:20.125581: Price Spike MXP

Spike found in prices for MXP/20250300: need to manually check by running interactive_manual_check_historical_prices
********************************************************************************

********************************************************************************
Email stored not sent on 2025-01-11 07:57:23.397821: Price Spike MXP

Spike found in prices for MXP/20250600: need to manually check by running interactive_manual_check_historical_prices
********************************************************************************

********************************************************************************
Email stored not sent on 2025-01-11 07:57:26.723595: Price Spike MXP

Spike found in prices for MXP/20250900: need to manually check by running interactive_manual_check_historical_prices
********************************************************************************

********************************************************************************
Email stored not sent on 2025-01-11 07:57:32.037310: Price Spike CORN_mini

Spike found in prices for CORN_mini/20250300: need to manually check by running interactive_manual_check_historical_prices
********************************************************************************

********************************************************************************
Email stored not sent on 2025-01-11 07:57:34.876651: Price Spike CORN_mini

Spike found in prices for CORN_mini/20250500: need to manually check by running interactive_manual_check_historical_prices
********************************************************************************

********************************************************************************
Email stored not sent on 2025-01-11 07:57:37.830202: Price Spike CORN_mini

Spike found in prices for CORN_mini/20250700: need to manually check by running interactive_manual_check_historical_prices
********************************************************************************

********************************************************************************
Email stored not sent on 2025-01-11 07:57:45.364568: Price Spike AUD

Spike found in prices for AUD/20250300: need to manually check by running interactive_manual_check_historical_prices
********************************************************************************

********************************************************************************
Email stored not sent on 2025-01-11 08:11:01.837205: Price Spike CORN_mini

Spike found in prices for CORN_mini/20250300: need to manually check by running interactive_manual_check_historical_prices
********************************************************************************

********************************************************************************
Email stored not sent on 2025-01-11 08:11:04.920363: Price Spike CORN_mini

Spike found in prices for CORN_mini/20250500: need to manually check by running interactive_manual_check_historical_prices
********************************************************************************

********************************************************************************
Email stored not sent on 2025-01-11 08:11:07.790300: Price Spike CORN_mini

Spike found in prices for CORN_mini/20250700: need to manually check by running interactive_manual_check_historical_prices
********************************************************************************

********************************************************************************
Email stored not sent on 2025-01-11 09:15:49.541784: Price Spike CORN_mini

Spike found in prices for CORN_mini/20250300: need to manually check by running interactive_manual_check_historical_prices
********************************************************************************

********************************************************************************
Email stored not sent on 2025-01-11 09:15:51.978408: Price Spike CORN_mini

Spike found in prices for CORN_mini/20250500: need to manually check by running interactive_manual_check_historical_prices
********************************************************************************

********************************************************************************
Email stored not sent on 2025-01-11 09:15:54.842556: Price Spike CORN_mini

Spike found in prices for CORN_mini/20250700: need to manually check by running interactive_manual_check_historical_prices
********************************************************************************

********************************************************************************
Email stored not sent on 2025-01-11 09:26:23.401659: Price Spike CORN_mini

Spike found in prices for CORN_mini/20250300: need to manually check by running interactive_manual_check_historical_prices
********************************************************************************

********************************************************************************
Email stored not sent on 2025-01-11 09:26:26.127048: Price Spike CORN_mini

Spike found in prices for CORN_mini/20250500: need to manually check by running interactive_manual_check_historical_prices
********************************************************************************

********************************************************************************
Email stored not sent on 2025-01-11 09:26:29.026510: Price Spike CORN_mini

Spike found in prices for CORN_mini/20250700: need to manually check by running interactive_manual_check_historical_prices
********************************************************************************

********************************************************************************
Email stored not sent on 2025-01-11 09:26:55.966874: Price Spike CORN_mini

Spike found in prices for CORN_mini/20250300: need to manually check by running interactive_manual_check_historical_prices
********************************************************************************

********************************************************************************
Email stored not sent on 2025-01-11 09:26:58.644648: Price Spike CORN_mini

Spike found in prices for CORN_mini/20250500: need to manually check by running interactive_manual_check_historical_prices
********************************************************************************

********************************************************************************
Email stored not sent on 2025-01-11 09:27:01.400372: Price Spike CORN_mini

Spike found in prices for CORN_mini/20250700: need to manually check by running interactive_manual_check_historical_prices
********************************************************************************

********************************************************************************
Email stored not sent on 2025-01-11 09:30:24.450080: Price Spike CORN_mini

Spike found in prices for CORN_mini/20250300: need to manually check by running interactive_manual_check_historical_prices
********************************************************************************

********************************************************************************
Email stored not sent on 2025-01-11 09:30:27.163499: Price Spike CORN_mini

Spike found in prices for CORN_mini/20250500: need to manually check by running interactive_manual_check_historical_prices
********************************************************************************

********************************************************************************
Email stored not sent on 2025-01-11 09:30:29.969214: Price Spike CORN_mini

Spike found in prices for CORN_mini/20250700: need to manually check by running interactive_manual_check_historical_prices
********************************************************************************

********************************************************************************
Email stored not sent on 2025-01-11 09:39:14.925603: Price Spike CORN_mini

Spike found in prices for CORN_mini/20250300: need to manually check by running interactive_manual_check_historical_prices
********************************************************************************

********************************************************************************
Email stored not sent on 2025-01-11 09:39:17.634338: Price Spike CORN_mini

Spike found in prices for CORN_mini/20250500: need to manually check by running interactive_manual_check_historical_prices
********************************************************************************

********************************************************************************
Email stored not sent on 2025-01-11 09:39:20.599398: Price Spike CORN_mini

Spike found in prices for CORN_mini/20250700: need to manually check by running interactive_manual_check_historical_prices
********************************************************************************

********************************************************************************
Email stored not sent on 2025-01-11 09:46:30.787519: Price Spike CORN_mini

Spike found in prices for CORN_mini/20250300: need to manually check by running interactive_manual_check_historical_prices
********************************************************************************

********************************************************************************
Email stored not sent on 2025-01-11 09:46:33.531268: Price Spike CORN_mini

Spike found in prices for CORN_mini/20250500: need to manually check by running interactive_manual_check_historical_prices
********************************************************************************

********************************************************************************
Email stored not sent on 2025-01-11 09:46:36.374416: Price Spike CORN_mini

Spike found in prices for CORN_mini/20250700: need to manually check by running interactive_manual_check_historical_prices
********************************************************************************

********************************************************************************
Email stored not sent on 2025-01-11 09:50:16.964133: Price Spike CORN_mini

Spike found in prices for CORN_mini/20250300: need to manually check by running interactive_manual_check_historical_prices
********************************************************************************

********************************************************************************
Email stored not sent on 2025-01-11 09:50:19.851254: Price Spike CORN_mini

Spike found in prices for CORN_mini/20250500: need to manually check by running interactive_manual_check_historical_prices
********************************************************************************

********************************************************************************
Email stored not sent on 2025-01-11 09:50:22.424785: Price Spike CORN_mini

Spike found in prices for CORN_mini/20250700: need to manually check by running interactive_manual_check_historical_prices
********************************************************************************

********************************************************************************
Email stored not sent on 2025-01-11 09:54:02.391601: Price Spike CORN_mini

Spike found in prices for CORN_mini/20250300: need to manually check by running interactive_manual_check_historical_prices
********************************************************************************

********************************************************************************
Email stored not sent on 2025-01-11 09:54:05.294425: Price Spike CORN_mini

Spike found in prices for CORN_mini/20250500: need to manually check by running interactive_manual_check_historical_prices
********************************************************************************

********************************************************************************
Email stored not sent on 2025-01-11 09:54:08.352242: Price Spike CORN_mini

Spike found in prices for CORN_mini/20250700: need to manually check by running interactive_manual_check_historical_prices
********************************************************************************

********************************************************************************
Email stored not sent on 2025-01-11 09:54:55.719352: Price Spike CORN_mini

Spike found in prices for CORN_mini/20250300: need to manually check by running interactive_manual_check_historical_prices
********************************************************************************

********************************************************************************
Email stored not sent on 2025-01-11 09:54:58.782371: Price Spike CORN_mini

Spike found in prices for CORN_mini/20250500: need to manually check by running interactive_manual_check_historical_prices
********************************************************************************

********************************************************************************
Email stored not sent on 2025-01-11 09:55:02.092216: Price Spike CORN_mini

Spike found in prices for CORN_mini/20250700: need to manually check by running interactive_manual_check_historical_prices
********************************************************************************

********************************************************************************
Email stored not sent on 2025-01-11 10:08:02.776768: Price Spike CORN_mini

Spike found in prices for CORN_mini/20250300: need to manually check by running interactive_manual_check_historical_prices
********************************************************************************

********************************************************************************
Email stored not sent on 2025-01-11 10:08:05.626273: Price Spike CORN_mini

Spike found in prices for CORN_mini/20250500: need to manually check by running interactive_manual_check_historical_prices
********************************************************************************

********************************************************************************
Email stored not sent on 2025-01-11 10:08:08.849430: Price Spike CORN_mini

Spike found in prices for CORN_mini/20250700: need to manually check by running interactive_manual_check_historical_prices
********************************************************************************

********************************************************************************
Email stored not sent on 2025-01-11 10:14:27.777634: Price Spike CORN_mini

Spike found in prices for CORN_mini/20250300: need to manually check by running interactive_manual_check_historical_prices
********************************************************************************

********************************************************************************
Email stored not sent on 2025-01-11 10:14:30.717060: Price Spike CORN_mini

Spike found in prices for CORN_mini/20250500: need to manually check by running interactive_manual_check_historical_prices
********************************************************************************

********************************************************************************
Email stored not sent on 2025-01-11 10:14:33.700639: Price Spike CORN_mini

Spike found in prices for CORN_mini/20250700: need to manually check by running interactive_manual_check_historical_prices
********************************************************************************

********************************************************************************
Email stored not sent on 2025-01-11 10:24:28.010443: Price Spike CORN_mini

Spike found in prices for CORN_mini/20250300: need to manually check by running interactive_manual_check_historical_prices
********************************************************************************

********************************************************************************
Email stored not sent on 2025-01-11 10:24:31.065936: Price Spike CORN_mini

Spike found in prices for CORN_mini/20250500: need to manually check by running interactive_manual_check_historical_prices
********************************************************************************

********************************************************************************
Email stored not sent on 2025-01-11 10:24:34.106391: Price Spike CORN_mini

Spike found in prices for CORN_mini/20250700: need to manually check by running interactive_manual_check_historical_prices
********************************************************************************

