********************************************************************************
Email stored not sent on 2025-01-06 13:32:46.345863: Price Spike CORN_mini

Spike found in prices for CORN_mini/20250300: need to manually check by running interactive_manual_check_historical_prices
********************************************************************************

********************************************************************************
Email stored not sent on 2025-01-06 13:32:57.375001: Price Spike CORN_mini

To reduce email load, won't send any more emails with this subject today. Use 'interactive_diagnostics', 'Emails' to see stored messages
********************************************************************************

********************************************************************************
Email stored not sent on 2025-01-06 13:32:57.638928: Price Spike CORN_mini

Spike found in prices for CORN_mini/20250500: need to manually check by running interactive_manual_check_historical_prices
********************************************************************************

********************************************************************************
Email stored not sent on 2025-01-06 13:33:00.598578: Price Spike CORN_mini

Spike found in prices for CORN_mini/20250700: need to manually check by running interactive_manual_check_historical_prices
********************************************************************************

********************************************************************************
Email stored not sent on 2025-01-06 13:33:03.555758: Price Spike CORN_mini

Spike found in prices for CORN_mini/20250900: need to manually check by running interactive_manual_check_historical_prices
********************************************************************************

********************************************************************************
Email stored not sent on 2025-01-09 10:18:43.566508: Price Spike CORN

Spike found in prices for CORN/20260300: need to manually check by running interactive_manual_check_historical_prices
********************************************************************************

********************************************************************************
Email stored not sent on 2025-01-09 10:18:46.611375: Price Spike CORN

Spike found in prices for CORN/20260500: need to manually check by running interactive_manual_check_historical_prices
********************************************************************************

********************************************************************************
Email stored not sent on 2025-01-09 10:18:49.626096: Price Spike CORN

Spike found in prices for CORN/20260700: need to manually check by running interactive_manual_check_historical_prices
********************************************************************************

********************************************************************************
Email stored not sent on 2025-01-09 10:18:52.584600: Price Spike CORN

Spike found in prices for CORN/20260900: need to manually check by running interactive_manual_check_historical_prices
********************************************************************************

********************************************************************************
Email stored not sent on 2025-01-09 10:18:55.442242: Price Spike CORN

Spike found in prices for CORN/20261200: need to manually check by running interactive_manual_check_historical_prices
********************************************************************************

********************************************************************************
Email stored not sent on 2025-01-09 11:44:02.188062: Price Spike CORN

Spike found in prices for CORN/20260300: need to manually check by running interactive_manual_check_historical_prices
********************************************************************************

********************************************************************************
Email stored not sent on 2025-01-09 11:44:05.940389: Price Spike CORN

Spike found in prices for CORN/20260500: need to manually check by running interactive_manual_check_historical_prices
********************************************************************************

********************************************************************************
Email stored not sent on 2025-01-09 11:44:09.653757: Price Spike CORN

Spike found in prices for CORN/20260700: need to manually check by running interactive_manual_check_historical_prices
********************************************************************************

********************************************************************************
Email stored not sent on 2025-01-09 11:44:13.707657: Price Spike CORN

Spike found in prices for CORN/20260900: need to manually check by running interactive_manual_check_historical_prices
********************************************************************************

********************************************************************************
Email stored not sent on 2025-01-09 11:44:17.560517: Price Spike CORN

Spike found in prices for CORN/20261200: need to manually check by running interactive_manual_check_historical_prices
********************************************************************************

